[35m[Appium][39m Welcome to Appium v1.22.3
[35m[Appium][39m Non-default server args:
[35m[Appium][39m   port: 50018
[35m[Appium][39m   loglevel: info
[35m[Appium][39m   tmpDir: /var/folders/l5/0k_bxmsn3d74nvsrm_bzwlyh0000gn/T//Katalon/Appium/Temp1678612573813
[35m[Appium][39m   chromedriverPort: 50019
[35m[Appium][39m Deprecated server args:
[35m[Appium][39m   [31m--chromedriver-port[39m => --default-capabilities
[35m[Appium][39m Default capabilities, which will be added to each request unless overridden by desired capabilities:
[35m[Appium][39m   chromedriverPort: 50019
[35m[Appium][39m Appium REST http interface listener started on 0.0.0.0:50018
[35m[HTTP][39m [37m-->[39m [37mGET[39m [37m/wd/hub/status[39m
[35m[HTTP][39m [90m{}[39m
[35m[HTTP][39m [37m<-- GET /wd/hub/status [39m[32m200[39m [90m4 ms - 68[39m
[35m[HTTP][39m [90m[39m
[35m[HTTP][39m [37m-->[39m [37mGET[39m [37m/wd/hub/status[39m
[35m[HTTP][39m [90m{}[39m
[35m[HTTP][39m [37m<-- GET /wd/hub/status [39m[32m200[39m [90m1 ms - 68[39m
[35m[HTTP][39m [90m[39m
[35m[HTTP][39m [37m-->[39m [37mPOST[39m [37m/wd/hub/session[39m
[35m[HTTP][39m [90m{"desiredCapabilities":{"app":"/Users/isfahani/Downloads/APIDemos.apk","noReset":true,"deviceName":"emulator-5554 (sdk_gphone_x86_64 - Android 11)","fullReset":false,"platform":"ANDROID","newCommandTimeout":1800,"platformVersion":"11","automationName":"uiautomator2","autoGrantPermissions":true,"platformName":"Android","udid":"emulator-5554","systemPort":50030},"capabilities":{"firstMatch":[{"appium:app":"/Users/isfahani/Downloads/APIDemos.apk","appium:autoGrantPermissions":true,"appium:automationName":"uiautomator2","appium:deviceName":"emulator-5554 (sdk_gphone_x86_64 - Android 11)","appium:fullReset":false,"appium:newCommandTimeout":1800,"appium:noReset":true,"platform":"ANDROID","platformName":"android","appium:platformVersion":"11","appium:systemPort":50030,"appium:udid":"emulator-5554"}]}}[39m
[35m[BaseDriver][39m The following capabilities are not standard capabilities and should have an extension prefix:
[35m[BaseDriver][39m   platform
[35m[BaseDriver][39m   chromedriverPort
[35m[Appium][39m Appium v1.22.3 creating new AndroidUiautomator2Driver (v1.70.1) session
[35m[BaseDriver][39m The following capabilities were provided, but are not recognized by Appium:
[35m[BaseDriver][39m   platform
[35m[BaseDriver][39m Session created with session id: 2c3a3f25-1b9b-4a00-9ea9-02ced9cbb0b8
[35m[BaseDriver][39m Using local app '/Users/isfahani/Downloads/APIDemos.apk'
[35m[ADB][39m Found 1 'build-tools' folders under '/Users/isfahani/.katalon/tools/android_sdk' (newest first):
[35m[ADB][39m     /Users/isfahani/.katalon/tools/android_sdk/build-tools/29.0.3
[35m[ADB][39m Using 'adb' from '/Users/isfahani/.katalon/tools/android_sdk/platform-tools/adb'
[35m[AndroidDriver][39m Retrieving device list
[35m[AndroidDriver][39m Using device: emulator-5554
[35m[ADB][39m Using 'adb' from '/Users/isfahani/.katalon/tools/android_sdk/platform-tools/adb'
[35m[ADB][39m Getting device platform version
[35m[UiAutomator2][39m Relaxing hidden api policy
[35m[ADB][39m Package name: 'io.appium.android.apis'
[35m[ADB][39m Main activity name: 'io.appium.android.apis.ApiDemos'
[35m[UiAutomator2][39m Server package at '/usr/local/lib/node_modules/appium/node_modules/appium-uiautomator2-server/apks/appium-uiautomator2-server-v4.27.0.apk' is not writeable. Will copy it into the temporary location at '/var/folders/l5/0k_bxmsn3d74nvsrm_bzwlyh0000gn/T/Katalon/Appium/Temp1678612573813/2023212-88303-1lx9ag2.u0a8' as a workaround. Consider making this file writeable manually in order to improve the performance of session startup.
[35m[UiAutomator2][39m Server package at '/usr/local/lib/node_modules/appium/node_modules/appium-uiautomator2-server/apks/appium-uiautomator2-server-debug-androidTest.apk' is not writeable. Will copy it into the temporary location at '/var/folders/l5/0k_bxmsn3d74nvsrm_bzwlyh0000gn/T/Katalon/Appium/Temp1678612573813/2023212-88303-1lx9ag2.u0a8' as a workaround. Consider making this file writeable manually in order to improve the performance of session startup.
[35m[ADB][39m Using 'apksigner.jar' from '/Users/isfahani/.katalon/tools/android_sdk/build-tools/29.0.3/lib/apksigner.jar'
[35m[ADB][39m '/var/folders/l5/0k_bxmsn3d74nvsrm_bzwlyh0000gn/T/Katalon/Appium/Temp1678612573813/2023212-88303-1lx9ag2.u0a8/appium-uiautomator2-server-v4.27.0.apk' is signed with the default certificate
[35m[ADB][39m '/var/folders/l5/0k_bxmsn3d74nvsrm_bzwlyh0000gn/T/Katalon/Appium/Temp1678612573813/2023212-88303-1lx9ag2.u0a8/appium-uiautomator2-server-debug-androidTest.apk' is signed with the default certificate
[35m[UiAutomator2][39m Server packages are not going to be (re)installed
[35m[ADB][39m Adding packages ["io.appium.settings","io.appium.uiautomator2.server","io.appium.uiautomator2.server.test"] to Doze whitelist
[35m[ADB][39m '/Users/isfahani/Downloads/APIDemos.apk' is signed with a non-default certificate
[35m[ADB][39m The application at '/Users/isfahani/Downloads/APIDemos.apk' will not be cached, because the device under test has confirmed the support of streamed installs
[35m[ADB][39m The installation of 'APIDemos.apk' took 146ms
[35m[UiAutomator2][39m Starting UIAutomator2 server 4.27.0
[35m[UiAutomator2][39m Using UIAutomator2 server from '/usr/local/lib/node_modules/appium/node_modules/appium-uiautomator2-server/apks/appium-uiautomator2-server-v4.27.0.apk' and test from '/usr/local/lib/node_modules/appium/node_modules/appium-uiautomator2-server/apks/appium-uiautomator2-server-debug-androidTest.apk'
[35m[UiAutomator2][39m Waiting up to 30000ms for UiAutomator2 to be online...
[35m[WD Proxy][39m socket hang up
[35m[WD Proxy][39m socket hang up
[35m[WD Proxy][39m Determined the downstream protocol as 'W3C'
[35m[AndroidDriver][39m Screen already unlocked, doing nothing
[35m[UiAutomator2][39m Starting 'io.appium.android.apis/io.appium.android.apis.ApiDemos and waiting for 'io.appium.android.apis/io.appium.android.apis.ApiDemos'
[35m[Appium][39m New AndroidUiautomator2Driver session created successfully, session 2c3a3f25-1b9b-4a00-9ea9-02ced9cbb0b8 added to master session list
[35m[HTTP][39m [37m<-- POST /wd/hub/session [39m[32m200[39m [90m6886 ms - 1263[39m
[35m[HTTP][39m [90m[39m
[35m[HTTP][39m [37m-->[39m [37mGET[39m [37m/wd/hub/session/2c3a3f25-1b9b-4a00-9ea9-02ced9cbb0b8[39m
[35m[HTTP][39m [90m{}[39m
[35m[HTTP][39m [37m<-- GET /wd/hub/session/2c3a3f25-1b9b-4a00-9ea9-02ced9cbb0b8 [39m[32m200[39m [90m8 ms - 1217[39m
[35m[HTTP][39m [90m[39m
[35m[HTTP][39m [37m-->[39m [37mGET[39m [37m/wd/hub/session/2c3a3f25-1b9b-4a00-9ea9-02ced9cbb0b8[39m
[35m[HTTP][39m [90m{}[39m
[35m[HTTP][39m [37m<-- GET /wd/hub/session/2c3a3f25-1b9b-4a00-9ea9-02ced9cbb0b8 [39m[32m200[39m [90m8 ms - 1217[39m
[35m[HTTP][39m [90m[39m
[35m[HTTP][39m [37m-->[39m [37mGET[39m [37m/wd/hub/status[39m
[35m[HTTP][39m [90m{}[39m
[35m[HTTP][39m [37m<-- GET /wd/hub/status [39m[32m200[39m [90m1 ms - 68[39m
[35m[HTTP][39m [90m[39m
[35m[HTTP][39m [37m-->[39m [37mPOST[39m [37m/wd/hub/session/2c3a3f25-1b9b-4a00-9ea9-02ced9cbb0b8/timeouts[39m
[35m[HTTP][39m [90m{"implicit":60000}[39m
[35m[HTTP][39m [37m<-- POST /wd/hub/session/2c3a3f25-1b9b-4a00-9ea9-02ced9cbb0b8/timeouts [39m[32m200[39m [90m2 ms - 14[39m
[35m[HTTP][39m [90m[39m
[35m[HTTP][39m [37m-->[39m [37mGET[39m [37m/wd/hub/session/2c3a3f25-1b9b-4a00-9ea9-02ced9cbb0b8/source[39m
[35m[HTTP][39m [90m{}[39m
[35m[W3C (2c3a3f25)][39m Driver proxy active, passing request on via HTTP proxy
[35m[WD Proxy][39m Replacing sessionId 07a3a6ac-88dd-4192-b3d4-78f8b4b1c108 with 2c3a3f25-1b9b-4a00-9ea9-02ced9cbb0b8
[35m[HTTP][39m [37m<-- GET /wd/hub/session/2c3a3f25-1b9b-4a00-9ea9-02ced9cbb0b8/source [39m[32m200[39m [90m386 ms - 8134[39m
[35m[HTTP][39m [90m[39m
[35m[HTTP][39m [37m-->[39m [37mGET[39m [37m/wd/hub/session/2c3a3f25-1b9b-4a00-9ea9-02ced9cbb0b8/screenshot[39m
[35m[HTTP][39m [90m{}[39m
[35m[HTTP][39m [37m<-- GET /wd/hub/session/2c3a3f25-1b9b-4a00-9ea9-02ced9cbb0b8/screenshot [39m[32m200[39m [90m230 ms - 100264[39m
[35m[HTTP][39m [90m[39m
[35m[HTTP][39m [37m-->[39m [37mGET[39m [37m/wd/hub/session/2c3a3f25-1b9b-4a00-9ea9-02ced9cbb0b8/context[39m
[35m[HTTP][39m [90m{}[39m
[35m[HTTP][39m [37m<-- GET /wd/hub/session/2c3a3f25-1b9b-4a00-9ea9-02ced9cbb0b8/context [39m[32m200[39m [90m4 ms - 22[39m
[35m[HTTP][39m [90m[39m
[35m[HTTP][39m [37m-->[39m [37mGET[39m [37m/wd/hub/session/2c3a3f25-1b9b-4a00-9ea9-02ced9cbb0b8/contexts[39m
[35m[HTTP][39m [90m{}[39m
[35m[HTTP][39m [37m<-- GET /wd/hub/session/2c3a3f25-1b9b-4a00-9ea9-02ced9cbb0b8/contexts [39m[32m200[39m [90m30 ms - 24[39m
[35m[HTTP][39m [90m[39m
[35m[HTTP][39m [37m-->[39m [37mPOST[39m [37m/wd/hub/session/2c3a3f25-1b9b-4a00-9ea9-02ced9cbb0b8/context[39m
[35m[HTTP][39m [90m{"name":"NATIVE_APP"}[39m
[35m[HTTP][39m [37m<-- POST /wd/hub/session/2c3a3f25-1b9b-4a00-9ea9-02ced9cbb0b8/context [39m[32m200[39m [90m1 ms - 14[39m
[35m[HTTP][39m [90m[39m
[35m[HTTP][39m [37m-->[39m [37mPOST[39m [37m/wd/hub/session/2c3a3f25-1b9b-4a00-9ea9-02ced9cbb0b8/element[39m
[35m[HTTP][39m [90m{"using":"-android uiautomator","value":"new UiScrollable(new UiSelector().scrollable(true).instance(0)).scrollIntoView(new UiSelector().textContains(\"Views\"))"}[39m
[35m[HTTP][39m [37m<-- POST /wd/hub/session/2c3a3f25-1b9b-4a00-9ea9-02ced9cbb0b8/element [39m[32m200[39m [90m2754 ms - 137[39m
[35m[HTTP][39m [90m[39m
[35m[HTTP][39m [37m-->[39m [37mPOST[39m [37m/wd/hub/session/2c3a3f25-1b9b-4a00-9ea9-02ced9cbb0b8/context[39m
[35m[HTTP][39m [90m{"name":"NATIVE_APP"}[39m
[35m[HTTP][39m [37m<-- POST /wd/hub/session/2c3a3f25-1b9b-4a00-9ea9-02ced9cbb0b8/context [39m[32m200[39m [90m1 ms - 14[39m
[35m[HTTP][39m [90m[39m
[35m[HTTP][39m [37m-->[39m [37mGET[39m [37m/wd/hub/session/2c3a3f25-1b9b-4a00-9ea9-02ced9cbb0b8/source[39m
[35m[HTTP][39m [90m{}[39m
[35m[W3C (2c3a3f25)][39m Driver proxy active, passing request on via HTTP proxy
[35m[WD Proxy][39m Replacing sessionId 07a3a6ac-88dd-4192-b3d4-78f8b4b1c108 with 2c3a3f25-1b9b-4a00-9ea9-02ced9cbb0b8
[35m[HTTP][39m [37m<-- GET /wd/hub/session/2c3a3f25-1b9b-4a00-9ea9-02ced9cbb0b8/source [39m[32m200[39m [90m44 ms - 8116[39m
[35m[HTTP][39m [90m[39m
[35m[HTTP][39m [37m-->[39m [37mGET[39m [37m/wd/hub/session/2c3a3f25-1b9b-4a00-9ea9-02ced9cbb0b8/screenshot[39m
[35m[HTTP][39m [90m{}[39m
[35m[HTTP][39m [37m<-- GET /wd/hub/session/2c3a3f25-1b9b-4a00-9ea9-02ced9cbb0b8/screenshot [39m[32m200[39m [90m178 ms - 96384[39m
[35m[HTTP][39m [90m[39m
[35m[HTTP][39m [37m-->[39m [37mPOST[39m [37m/wd/hub/session/2c3a3f25-1b9b-4a00-9ea9-02ced9cbb0b8/elements[39m
[35m[HTTP][39m [90m{"using":"xpath","value":"//*[@class = 'android.widget.TextView' and (@text = 'Views' or . = 'Views') and @resource-id = 'android:id/text1']"}[39m
[35m[HTTP][39m [37m<-- POST /wd/hub/session/2c3a3f25-1b9b-4a00-9ea9-02ced9cbb0b8/elements [39m[32m200[39m [90m334 ms - 139[39m
[35m[HTTP][39m [90m[39m
[35m[HTTP][39m [37m-->[39m [37mGET[39m [37m/wd/hub/session/2c3a3f25-1b9b-4a00-9ea9-02ced9cbb0b8/window/rect[39m
[35m[HTTP][39m [90m{}[39m
[35m[HTTP][39m [37m<-- GET /wd/hub/session/2c3a3f25-1b9b-4a00-9ea9-02ced9cbb0b8/window/rect [39m[32m200[39m [90m9 ms - 50[39m
[35m[HTTP][39m [90m[39m
[35m[HTTP][39m [37m-->[39m [37mPOST[39m [37m/wd/hub/session/2c3a3f25-1b9b-4a00-9ea9-02ced9cbb0b8/elements[39m
[35m[HTTP][39m [90m{"using":"xpath","value":"//*[@class = 'android.widget.TextView' and (@text = 'Views' or . = 'Views') and @resource-id = 'android:id/text1']"}[39m
[35m[HTTP][39m [37m<-- POST /wd/hub/session/2c3a3f25-1b9b-4a00-9ea9-02ced9cbb0b8/elements [39m[32m200[39m [90m55 ms - 139[39m
[35m[HTTP][39m [90m[39m
[35m[HTTP][39m [37m-->[39m [37mGET[39m [37m/wd/hub/session/2c3a3f25-1b9b-4a00-9ea9-02ced9cbb0b8/element/00000000-0000-00ff-ffff-ffff00000015/location[39m
[35m[HTTP][39m [90m{}[39m
[35m[W3C (2c3a3f25)][39m Driver proxy active, passing request on via HTTP proxy
[35m[WD Proxy][39m Replacing sessionId 07a3a6ac-88dd-4192-b3d4-78f8b4b1c108 with 2c3a3f25-1b9b-4a00-9ea9-02ced9cbb0b8
[35m[HTTP][39m [37m<-- GET /wd/hub/session/2c3a3f25-1b9b-4a00-9ea9-02ced9cbb0b8/element/00000000-0000-00ff-ffff-ffff00000015/location [39m[32m200[39m [90m12 ms - 77[39m
[35m[HTTP][39m [90m[39m
[35m[HTTP][39m [37m-->[39m [37mPOST[39m [37m/wd/hub/session/2c3a3f25-1b9b-4a00-9ea9-02ced9cbb0b8/element/00000000-0000-00ff-ffff-ffff00000015/click[39m
[35m[HTTP][39m [90m{"id":"00000000-0000-00ff-ffff-ffff00000015"}[39m
[35m[HTTP][39m [37m<-- POST /wd/hub/session/2c3a3f25-1b9b-4a00-9ea9-02ced9cbb0b8/element/00000000-0000-00ff-ffff-ffff00000015/click [39m[32m200[39m [90m909 ms - 14[39m
[35m[HTTP][39m [90m[39m
[35m[HTTP][39m [37m-->[39m [37mGET[39m [37m/wd/hub/session/2c3a3f25-1b9b-4a00-9ea9-02ced9cbb0b8/source[39m
[35m[HTTP][39m [90m{}[39m
[35m[W3C (2c3a3f25)][39m Driver proxy active, passing request on via HTTP proxy
[35m[WD Proxy][39m Replacing sessionId 07a3a6ac-88dd-4192-b3d4-78f8b4b1c108 with 2c3a3f25-1b9b-4a00-9ea9-02ced9cbb0b8
[35m[HTTP][39m [37m<-- GET /wd/hub/session/2c3a3f25-1b9b-4a00-9ea9-02ced9cbb0b8/source [39m[32m200[39m [90m41 ms - 8193[39m
[35m[HTTP][39m [90m[39m
[35m[HTTP][39m [37m-->[39m [37mGET[39m [37m/wd/hub/session/2c3a3f25-1b9b-4a00-9ea9-02ced9cbb0b8/screenshot[39m
[35m[HTTP][39m [90m{}[39m
[35m[HTTP][39m [37m<-- GET /wd/hub/session/2c3a3f25-1b9b-4a00-9ea9-02ced9cbb0b8/screenshot [39m[32m200[39m [90m212 ms - 116750[39m
[35m[HTTP][39m [90m[39m
[35m[HTTP][39m [37m-->[39m [37mGET[39m [37m/wd/hub/session/2c3a3f25-1b9b-4a00-9ea9-02ced9cbb0b8/context[39m
[35m[HTTP][39m [90m{}[39m
[35m[HTTP][39m [37m<-- GET /wd/hub/session/2c3a3f25-1b9b-4a00-9ea9-02ced9cbb0b8/context [39m[32m200[39m [90m1 ms - 22[39m
[35m[HTTP][39m [90m[39m
[35m[HTTP][39m [37m-->[39m [37mGET[39m [37m/wd/hub/session/2c3a3f25-1b9b-4a00-9ea9-02ced9cbb0b8/contexts[39m
[35m[HTTP][39m [90m{}[39m
[35m[HTTP][39m [37m<-- GET /wd/hub/session/2c3a3f25-1b9b-4a00-9ea9-02ced9cbb0b8/contexts [39m[32m200[39m [90m37 ms - 24[39m
[35m[HTTP][39m [90m[39m
[35m[HTTP][39m [37m-->[39m [37mPOST[39m [37m/wd/hub/session/2c3a3f25-1b9b-4a00-9ea9-02ced9cbb0b8/context[39m
[35m[HTTP][39m [90m{"name":"NATIVE_APP"}[39m
[35m[HTTP][39m [37m<-- POST /wd/hub/session/2c3a3f25-1b9b-4a00-9ea9-02ced9cbb0b8/context [39m[32m200[39m [90m1 ms - 14[39m
[35m[HTTP][39m [90m[39m
[35m[HTTP][39m [37m-->[39m [37mPOST[39m [37m/wd/hub/session/2c3a3f25-1b9b-4a00-9ea9-02ced9cbb0b8/element[39m
[35m[HTTP][39m [90m{"using":"-android uiautomator","value":"new UiScrollable(new UiSelector().scrollable(true).instance(0)).scrollIntoView(new UiSelector().textContains(\"Spinner\"))"}[39m
[35m[HTTP][39m [37m<-- POST /wd/hub/session/2c3a3f25-1b9b-4a00-9ea9-02ced9cbb0b8/element [39m[32m200[39m [90m8206 ms - 137[39m
[35m[HTTP][39m [90m[39m
[35m[HTTP][39m [37m-->[39m [37mPOST[39m [37m/wd/hub/session/2c3a3f25-1b9b-4a00-9ea9-02ced9cbb0b8/context[39m
[35m[HTTP][39m [90m{"name":"NATIVE_APP"}[39m
[35m[HTTP][39m [37m<-- POST /wd/hub/session/2c3a3f25-1b9b-4a00-9ea9-02ced9cbb0b8/context [39m[32m200[39m [90m1 ms - 14[39m
[35m[HTTP][39m [90m[39m
[35m[HTTP][39m [37m-->[39m [37mGET[39m [37m/wd/hub/session/2c3a3f25-1b9b-4a00-9ea9-02ced9cbb0b8/source[39m
[35m[HTTP][39m [90m{}[39m
[35m[W3C (2c3a3f25)][39m Driver proxy active, passing request on via HTTP proxy
[35m[WD Proxy][39m Replacing sessionId 07a3a6ac-88dd-4192-b3d4-78f8b4b1c108 with 2c3a3f25-1b9b-4a00-9ea9-02ced9cbb0b8
[35m[HTTP][39m [37m<-- GET /wd/hub/session/2c3a3f25-1b9b-4a00-9ea9-02ced9cbb0b8/source [39m[32m200[39m [90m30 ms - 8689[39m
[35m[HTTP][39m [90m[39m
[35m[HTTP][39m [37m-->[39m [37mGET[39m [37m/wd/hub/session/2c3a3f25-1b9b-4a00-9ea9-02ced9cbb0b8/screenshot[39m
[35m[HTTP][39m [90m{}[39m
[35m[HTTP][39m [37m<-- GET /wd/hub/session/2c3a3f25-1b9b-4a00-9ea9-02ced9cbb0b8/screenshot [39m[32m200[39m [90m213 ms - 127070[39m
[35m[HTTP][39m [90m[39m
[35m[HTTP][39m [37m-->[39m [37mPOST[39m [37m/wd/hub/session/2c3a3f25-1b9b-4a00-9ea9-02ced9cbb0b8/elements[39m
[35m[HTTP][39m [90m{"using":"xpath","value":"//*[@class = 'android.widget.TextView' and (@text = 'Spinner' or . = 'Spinner') and @resource-id = 'android:id/text1']"}[39m
[35m[HTTP][39m [37m<-- POST /wd/hub/session/2c3a3f25-1b9b-4a00-9ea9-02ced9cbb0b8/elements [39m[32m200[39m [90m59 ms - 139[39m
[35m[HTTP][39m [90m[39m
[35m[HTTP][39m [37m-->[39m [37mGET[39m [37m/wd/hub/session/2c3a3f25-1b9b-4a00-9ea9-02ced9cbb0b8/window/rect[39m
[35m[HTTP][39m [90m{}[39m
[35m[HTTP][39m [37m<-- GET /wd/hub/session/2c3a3f25-1b9b-4a00-9ea9-02ced9cbb0b8/window/rect [39m[32m200[39m [90m8 ms - 50[39m
[35m[HTTP][39m [90m[39m
[35m[HTTP][39m [37m-->[39m [37mPOST[39m [37m/wd/hub/session/2c3a3f25-1b9b-4a00-9ea9-02ced9cbb0b8/elements[39m
[35m[HTTP][39m [90m{"using":"xpath","value":"//*[@class = 'android.widget.TextView' and (@text = 'Spinner' or . = 'Spinner') and @resource-id = 'android:id/text1']"}[39m
[35m[HTTP][39m [37m<-- POST /wd/hub/session/2c3a3f25-1b9b-4a00-9ea9-02ced9cbb0b8/elements [39m[32m200[39m [90m40 ms - 139[39m
[35m[HTTP][39m [90m[39m
[35m[HTTP][39m [37m-->[39m [37mGET[39m [37m/wd/hub/session/2c3a3f25-1b9b-4a00-9ea9-02ced9cbb0b8/element/00000000-0000-0100-ffff-ffff00000025/location[39m
[35m[HTTP][39m [90m{}[39m
[35m[W3C (2c3a3f25)][39m Driver proxy active, passing request on via HTTP proxy
[35m[WD Proxy][39m Replacing sessionId 07a3a6ac-88dd-4192-b3d4-78f8b4b1c108 with 2c3a3f25-1b9b-4a00-9ea9-02ced9cbb0b8
[35m[HTTP][39m [37m<-- GET /wd/hub/session/2c3a3f25-1b9b-4a00-9ea9-02ced9cbb0b8/element/00000000-0000-0100-ffff-ffff00000025/location [39m[32m200[39m [90m10 ms - 76[39m
[35m[HTTP][39m [90m[39m
[35m[HTTP][39m [37m-->[39m [37mPOST[39m [37m/wd/hub/session/2c3a3f25-1b9b-4a00-9ea9-02ced9cbb0b8/element/00000000-0000-0100-ffff-ffff00000025/click[39m
[35m[HTTP][39m [90m{"id":"00000000-0000-0100-ffff-ffff00000025"}[39m
[35m[HTTP][39m [37m<-- POST /wd/hub/session/2c3a3f25-1b9b-4a00-9ea9-02ced9cbb0b8/element/00000000-0000-0100-ffff-ffff00000025/click [39m[32m200[39m [90m886 ms - 14[39m
[35m[HTTP][39m [90m[39m
[35m[HTTP][39m [37m-->[39m [37mGET[39m [37m/wd/hub/session/2c3a3f25-1b9b-4a00-9ea9-02ced9cbb0b8/source[39m
[35m[HTTP][39m [90m{}[39m
[35m[W3C (2c3a3f25)][39m Driver proxy active, passing request on via HTTP proxy
[35m[WD Proxy][39m Replacing sessionId 07a3a6ac-88dd-4192-b3d4-78f8b4b1c108 with 2c3a3f25-1b9b-4a00-9ea9-02ced9cbb0b8
[35m[HTTP][39m [37m<-- GET /wd/hub/session/2c3a3f25-1b9b-4a00-9ea9-02ced9cbb0b8/source [39m[32m200[39m [90m25 ms - 5987[39m
[35m[HTTP][39m [90m[39m
[35m[HTTP][39m [37m-->[39m [37mGET[39m [37m/wd/hub/session/2c3a3f25-1b9b-4a00-9ea9-02ced9cbb0b8/screenshot[39m
[35m[HTTP][39m [90m{}[39m
[35m[HTTP][39m [37m<-- GET /wd/hub/session/2c3a3f25-1b9b-4a00-9ea9-02ced9cbb0b8/screenshot [39m[32m200[39m [90m198 ms - 76544[39m
[35m[HTTP][39m [90m[39m
[35m[HTTP][39m [37m-->[39m [37mPOST[39m [37m/wd/hub/session/2c3a3f25-1b9b-4a00-9ea9-02ced9cbb0b8/elements[39m
[35m[HTTP][39m [90m{"using":"xpath","value":"//*[@class = 'android.widget.TextView' and (@text = 'red' or . = 'red') and @resource-id = 'android:id/text1']"}[39m
[35m[HTTP][39m [37m<-- POST /wd/hub/session/2c3a3f25-1b9b-4a00-9ea9-02ced9cbb0b8/elements [39m[32m200[39m [90m36 ms - 139[39m
[35m[HTTP][39m [90m[39m
[35m[HTTP][39m [37m-->[39m [37mGET[39m [37m/wd/hub/session/2c3a3f25-1b9b-4a00-9ea9-02ced9cbb0b8/window/rect[39m
[35m[HTTP][39m [90m{}[39m
[35m[HTTP][39m [37m<-- GET /wd/hub/session/2c3a3f25-1b9b-4a00-9ea9-02ced9cbb0b8/window/rect [39m[32m200[39m [90m6 ms - 50[39m
[35m[HTTP][39m [90m[39m
[35m[HTTP][39m [37m-->[39m [37mPOST[39m [37m/wd/hub/session/2c3a3f25-1b9b-4a00-9ea9-02ced9cbb0b8/elements[39m
[35m[HTTP][39m [90m{"using":"xpath","value":"//*[@class = 'android.widget.TextView' and (@text = 'red' or . = 'red') and @resource-id = 'android:id/text1']"}[39m
[35m[HTTP][39m [37m<-- POST /wd/hub/session/2c3a3f25-1b9b-4a00-9ea9-02ced9cbb0b8/elements [39m[32m200[39m [90m39 ms - 139[39m
[35m[HTTP][39m [90m[39m
[35m[HTTP][39m [37m-->[39m [37mGET[39m [37m/wd/hub/session/2c3a3f25-1b9b-4a00-9ea9-02ced9cbb0b8/element/00000000-0000-0101-ffff-ffff00000039/location[39m
[35m[HTTP][39m [90m{}[39m
[35m[W3C (2c3a3f25)][39m Driver proxy active, passing request on via HTTP proxy
[35m[WD Proxy][39m Replacing sessionId 07a3a6ac-88dd-4192-b3d4-78f8b4b1c108 with 2c3a3f25-1b9b-4a00-9ea9-02ced9cbb0b8
[35m[HTTP][39m [37m<-- GET /wd/hub/session/2c3a3f25-1b9b-4a00-9ea9-02ced9cbb0b8/element/00000000-0000-0101-ffff-ffff00000039/location [39m[32m200[39m [90m11 ms - 77[39m
[35m[HTTP][39m [90m[39m
[35m[HTTP][39m [37m-->[39m [37mPOST[39m [37m/wd/hub/session/2c3a3f25-1b9b-4a00-9ea9-02ced9cbb0b8/element/00000000-0000-0101-ffff-ffff00000039/click[39m
[35m[HTTP][39m [90m{"id":"00000000-0000-0101-ffff-ffff00000039"}[39m
[35m[HTTP][39m [37m<-- POST /wd/hub/session/2c3a3f25-1b9b-4a00-9ea9-02ced9cbb0b8/element/00000000-0000-0101-ffff-ffff00000039/click [39m[32m200[39m [90m39 ms - 14[39m
[35m[HTTP][39m [90m[39m
[35m[HTTP][39m [37m-->[39m [37mGET[39m [37m/wd/hub/session/2c3a3f25-1b9b-4a00-9ea9-02ced9cbb0b8/source[39m
[35m[HTTP][39m [90m{}[39m
[35m[W3C (2c3a3f25)][39m Driver proxy active, passing request on via HTTP proxy
[35m[WD Proxy][39m Replacing sessionId 07a3a6ac-88dd-4192-b3d4-78f8b4b1c108 with 2c3a3f25-1b9b-4a00-9ea9-02ced9cbb0b8
[35m[HTTP][39m [37m<-- GET /wd/hub/session/2c3a3f25-1b9b-4a00-9ea9-02ced9cbb0b8/source [39m[32m200[39m [90m319 ms - 4008[39m
[35m[HTTP][39m [90m[39m
[35m[HTTP][39m [37m-->[39m [37mGET[39m [37m/wd/hub/session/2c3a3f25-1b9b-4a00-9ea9-02ced9cbb0b8/screenshot[39m
[35m[HTTP][39m [90m{}[39m
[35m[HTTP][39m [37m<-- GET /wd/hub/session/2c3a3f25-1b9b-4a00-9ea9-02ced9cbb0b8/screenshot [39m[32m200[39m [90m187 ms - 85366[39m
[35m[HTTP][39m [90m[39m
[35m[HTTP][39m [37m-->[39m [37mPOST[39m [37m/wd/hub/session/2c3a3f25-1b9b-4a00-9ea9-02ced9cbb0b8/elements[39m
[35m[HTTP][39m [90m{"using":"xpath","value":"//*[@class = 'android.widget.CheckedTextView' and (@text = 'blue' or . = 'blue') and @resource-id = 'android:id/text1']"}[39m
[35m[HTTP][39m [37m<-- POST /wd/hub/session/2c3a3f25-1b9b-4a00-9ea9-02ced9cbb0b8/elements [39m[32m200[39m [90m35 ms - 139[39m
[35m[HTTP][39m [90m[39m
[35m[HTTP][39m [37m-->[39m [37mGET[39m [37m/wd/hub/session/2c3a3f25-1b9b-4a00-9ea9-02ced9cbb0b8/window/rect[39m
[35m[HTTP][39m [90m{}[39m
[35m[HTTP][39m [37m<-- GET /wd/hub/session/2c3a3f25-1b9b-4a00-9ea9-02ced9cbb0b8/window/rect [39m[32m200[39m [90m5 ms - 50[39m
[35m[HTTP][39m [90m[39m
[35m[HTTP][39m [37m-->[39m [37mPOST[39m [37m/wd/hub/session/2c3a3f25-1b9b-4a00-9ea9-02ced9cbb0b8/elements[39m
[35m[HTTP][39m [90m{"using":"xpath","value":"//*[@class = 'android.widget.CheckedTextView' and (@text = 'blue' or . = 'blue') and @resource-id = 'android:id/text1']"}[39m
[35m[HTTP][39m [37m<-- POST /wd/hub/session/2c3a3f25-1b9b-4a00-9ea9-02ced9cbb0b8/elements [39m[32m200[39m [90m30 ms - 139[39m
[35m[HTTP][39m [90m[39m
[35m[HTTP][39m [37m-->[39m [37mGET[39m [37m/wd/hub/session/2c3a3f25-1b9b-4a00-9ea9-02ced9cbb0b8/element/00000000-0000-0104-ffff-ffff00000043/location[39m
[35m[HTTP][39m [90m{}[39m
[35m[W3C (2c3a3f25)][39m Driver proxy active, passing request on via HTTP proxy
[35m[WD Proxy][39m Replacing sessionId 07a3a6ac-88dd-4192-b3d4-78f8b4b1c108 with 2c3a3f25-1b9b-4a00-9ea9-02ced9cbb0b8
[35m[HTTP][39m [37m<-- GET /wd/hub/session/2c3a3f25-1b9b-4a00-9ea9-02ced9cbb0b8/element/00000000-0000-0104-ffff-ffff00000043/location [39m[32m200[39m [90m9 ms - 77[39m
[35m[HTTP][39m [90m[39m
[35m[HTTP][39m [37m-->[39m [37mPOST[39m [37m/wd/hub/session/2c3a3f25-1b9b-4a00-9ea9-02ced9cbb0b8/element/00000000-0000-0104-ffff-ffff00000043/click[39m
[35m[HTTP][39m [90m{"id":"00000000-0000-0104-ffff-ffff00000043"}[39m
[35m[HTTP][39m [37m<-- POST /wd/hub/session/2c3a3f25-1b9b-4a00-9ea9-02ced9cbb0b8/element/00000000-0000-0104-ffff-ffff00000043/click [39m[32m200[39m [90m656 ms - 14[39m
[35m[HTTP][39m [90m[39m
[35m[HTTP][39m [37m-->[39m [37mGET[39m [37m/wd/hub/session/2c3a3f25-1b9b-4a00-9ea9-02ced9cbb0b8/source[39m
[35m[HTTP][39m [90m{}[39m
[35m[W3C (2c3a3f25)][39m Driver proxy active, passing request on via HTTP proxy
[35m[WD Proxy][39m Replacing sessionId 07a3a6ac-88dd-4192-b3d4-78f8b4b1c108 with 2c3a3f25-1b9b-4a00-9ea9-02ced9cbb0b8
[35m[HTTP][39m [37m<-- GET /wd/hub/session/2c3a3f25-1b9b-4a00-9ea9-02ced9cbb0b8/source [39m[32m200[39m [90m21 ms - 5988[39m
[35m[HTTP][39m [90m[39m
[35m[HTTP][39m [37m-->[39m [37mGET[39m [37m/wd/hub/session/2c3a3f25-1b9b-4a00-9ea9-02ced9cbb0b8/screenshot[39m
[35m[HTTP][39m [90m{}[39m
[35m[HTTP][39m [37m<-- GET /wd/hub/session/2c3a3f25-1b9b-4a00-9ea9-02ced9cbb0b8/screenshot [39m[32m200[39m [90m179 ms - 75336[39m
[35m[HTTP][39m [90m[39m
[35m[HTTP][39m [37m-->[39m [37mPOST[39m [37m/wd/hub/session/2c3a3f25-1b9b-4a00-9ea9-02ced9cbb0b8/elements[39m
[35m[HTTP][39m [90m{"using":"xpath","value":"//*[@class = 'android.widget.TextView' and (@text = 'Mercury' or . = 'Mercury') and @resource-id = 'android:id/text1']"}[39m
[35m[HTTP][39m [37m<-- POST /wd/hub/session/2c3a3f25-1b9b-4a00-9ea9-02ced9cbb0b8/elements [39m[32m200[39m [90m35 ms - 139[39m
[35m[HTTP][39m [90m[39m
[35m[HTTP][39m [37m-->[39m [37mGET[39m [37m/wd/hub/session/2c3a3f25-1b9b-4a00-9ea9-02ced9cbb0b8/window/rect[39m
[35m[HTTP][39m [90m{}[39m
[35m[HTTP][39m [37m<-- GET /wd/hub/session/2c3a3f25-1b9b-4a00-9ea9-02ced9cbb0b8/window/rect [39m[32m200[39m [90m5 ms - 50[39m
[35m[HTTP][39m [90m[39m
[35m[HTTP][39m [37m-->[39m [37mPOST[39m [37m/wd/hub/session/2c3a3f25-1b9b-4a00-9ea9-02ced9cbb0b8/elements[39m
[35m[HTTP][39m [90m{"using":"xpath","value":"//*[@class = 'android.widget.TextView' and (@text = 'Mercury' or . = 'Mercury') and @resource-id = 'android:id/text1']"}[39m
[35m[HTTP][39m [37m<-- POST /wd/hub/session/2c3a3f25-1b9b-4a00-9ea9-02ced9cbb0b8/elements [39m[32m200[39m [90m31 ms - 139[39m
[35m[HTTP][39m [90m[39m
[35m[HTTP][39m [37m-->[39m [37mGET[39m [37m/wd/hub/session/2c3a3f25-1b9b-4a00-9ea9-02ced9cbb0b8/element/00000000-0000-0101-ffff-ffff0000003a/location[39m
[35m[HTTP][39m [90m{}[39m
[35m[W3C (2c3a3f25)][39m Driver proxy active, passing request on via HTTP proxy
[35m[WD Proxy][39m Replacing sessionId 07a3a6ac-88dd-4192-b3d4-78f8b4b1c108 with 2c3a3f25-1b9b-4a00-9ea9-02ced9cbb0b8
[35m[HTTP][39m [37m<-- GET /wd/hub/session/2c3a3f25-1b9b-4a00-9ea9-02ced9cbb0b8/element/00000000-0000-0101-ffff-ffff0000003a/location [39m[32m200[39m [90m12 ms - 77[39m
[35m[HTTP][39m [90m[39m
[35m[HTTP][39m [37m-->[39m [37mPOST[39m [37m/wd/hub/session/2c3a3f25-1b9b-4a00-9ea9-02ced9cbb0b8/element/00000000-0000-0101-ffff-ffff0000003a/click[39m
[35m[HTTP][39m [90m{"id":"00000000-0000-0101-ffff-ffff0000003a"}[39m
[35m[HTTP][39m [37m<-- POST /wd/hub/session/2c3a3f25-1b9b-4a00-9ea9-02ced9cbb0b8/element/00000000-0000-0101-ffff-ffff0000003a/click [39m[32m200[39m [90m47 ms - 14[39m
[35m[HTTP][39m [90m[39m
[35m[HTTP][39m [37m-->[39m [37mGET[39m [37m/wd/hub/session/2c3a3f25-1b9b-4a00-9ea9-02ced9cbb0b8/source[39m
[35m[HTTP][39m [90m{}[39m
[35m[W3C (2c3a3f25)][39m Driver proxy active, passing request on via HTTP proxy
[35m[WD Proxy][39m Replacing sessionId 07a3a6ac-88dd-4192-b3d4-78f8b4b1c108 with 2c3a3f25-1b9b-4a00-9ea9-02ced9cbb0b8
[35m[HTTP][39m [37m<-- GET /wd/hub/session/2c3a3f25-1b9b-4a00-9ea9-02ced9cbb0b8/source [39m[32m200[39m [90m336 ms - 5298[39m
[35m[HTTP][39m [90m[39m
[35m[HTTP][39m [37m-->[39m [37mGET[39m [37m/wd/hub/session/2c3a3f25-1b9b-4a00-9ea9-02ced9cbb0b8/screenshot[39m
[35m[HTTP][39m [90m{}[39m
[35m[HTTP][39m [37m<-- GET /wd/hub/session/2c3a3f25-1b9b-4a00-9ea9-02ced9cbb0b8/screenshot [39m[32m200[39m [90m266 ms - 102702[39m
[35m[HTTP][39m [90m[39m
[35m[HTTP][39m [37m-->[39m [37mPOST[39m [37m/wd/hub/session/2c3a3f25-1b9b-4a00-9ea9-02ced9cbb0b8/elements[39m
[35m[HTTP][39m [90m{"using":"xpath","value":"//*[@class = 'android.widget.CheckedTextView' and (@text = 'Earth' or . = 'Earth') and @resource-id = 'android:id/text1']"}[39m
[35m[HTTP][39m [37m<-- POST /wd/hub/session/2c3a3f25-1b9b-4a00-9ea9-02ced9cbb0b8/elements [39m[32m200[39m [90m44 ms - 139[39m
[35m[HTTP][39m [90m[39m
[35m[HTTP][39m [37m-->[39m [37mGET[39m [37m/wd/hub/session/2c3a3f25-1b9b-4a00-9ea9-02ced9cbb0b8/window/rect[39m
[35m[HTTP][39m [90m{}[39m
[35m[HTTP][39m [37m<-- GET /wd/hub/session/2c3a3f25-1b9b-4a00-9ea9-02ced9cbb0b8/window/rect [39m[32m200[39m [90m5 ms - 50[39m
[35m[HTTP][39m [90m[39m
[35m[HTTP][39m [37m-->[39m [37mPOST[39m [37m/wd/hub/session/2c3a3f25-1b9b-4a00-9ea9-02ced9cbb0b8/elements[39m
[35m[HTTP][39m [90m{"using":"xpath","value":"//*[@class = 'android.widget.CheckedTextView' and (@text = 'Earth' or . = 'Earth') and @resource-id = 'android:id/text1']"}[39m
[35m[HTTP][39m [37m<-- POST /wd/hub/session/2c3a3f25-1b9b-4a00-9ea9-02ced9cbb0b8/elements [39m[32m200[39m [90m43 ms - 139[39m
[35m[HTTP][39m [90m[39m
[35m[HTTP][39m [37m-->[39m [37mGET[39m [37m/wd/hub/session/2c3a3f25-1b9b-4a00-9ea9-02ced9cbb0b8/element/00000000-0000-0106-ffff-ffff0000004b/location[39m
[35m[HTTP][39m [90m{}[39m
[35m[W3C (2c3a3f25)][39m Driver proxy active, passing request on via HTTP proxy
[35m[WD Proxy][39m Replacing sessionId 07a3a6ac-88dd-4192-b3d4-78f8b4b1c108 with 2c3a3f25-1b9b-4a00-9ea9-02ced9cbb0b8
[35m[HTTP][39m [37m<-- GET /wd/hub/session/2c3a3f25-1b9b-4a00-9ea9-02ced9cbb0b8/element/00000000-0000-0106-ffff-ffff0000004b/location [39m[32m200[39m [90m11 ms - 77[39m
[35m[HTTP][39m [90m[39m
[35m[HTTP][39m [37m-->[39m [37mPOST[39m [37m/wd/hub/session/2c3a3f25-1b9b-4a00-9ea9-02ced9cbb0b8/element/00000000-0000-0106-ffff-ffff0000004b/click[39m
[35m[HTTP][39m [90m{"id":"00000000-0000-0106-ffff-ffff0000004b"}[39m
[35m[HTTP][39m [37m<-- POST /wd/hub/session/2c3a3f25-1b9b-4a00-9ea9-02ced9cbb0b8/element/00000000-0000-0106-ffff-ffff0000004b/click [39m[32m200[39m [90m663 ms - 14[39m
[35m[HTTP][39m [90m[39m
[35m[HTTP][39m [37m-->[39m [37mGET[39m [37m/wd/hub/session/2c3a3f25-1b9b-4a00-9ea9-02ced9cbb0b8/source[39m
[35m[HTTP][39m [90m{}[39m
[35m[W3C (2c3a3f25)][39m Driver proxy active, passing request on via HTTP proxy
[35m[WD Proxy][39m Replacing sessionId 07a3a6ac-88dd-4192-b3d4-78f8b4b1c108 with 2c3a3f25-1b9b-4a00-9ea9-02ced9cbb0b8
[35m[HTTP][39m [37m<-- GET /wd/hub/session/2c3a3f25-1b9b-4a00-9ea9-02ced9cbb0b8/source [39m[32m200[39m [90m23 ms - 5986[39m
[35m[HTTP][39m [90m[39m
[35m[HTTP][39m [37m-->[39m [37mGET[39m [37m/wd/hub/session/2c3a3f25-1b9b-4a00-9ea9-02ced9cbb0b8/screenshot[39m
[35m[HTTP][39m [90m{}[39m
[35m[HTTP][39m [37m<-- GET /wd/hub/session/2c3a3f25-1b9b-4a00-9ea9-02ced9cbb0b8/screenshot [39m[32m200[39m [90m205 ms - 72552[39m
[35m[HTTP][39m [90m[39m
[35m[HTTP][39m [37m-->[39m [37mDELETE[39m [37m/wd/hub/session/2c3a3f25-1b9b-4a00-9ea9-02ced9cbb0b8[39m
[35m[HTTP][39m [90m{}[39m
[35m[Appium][39m Removing session 2c3a3f25-1b9b-4a00-9ea9-02ced9cbb0b8 from our master session list
[35m[UiAutomator2][39m Restoring hidden api policy to the device default configuration
[35m[HTTP][39m [37m<-- DELETE /wd/hub/session/2c3a3f25-1b9b-4a00-9ea9-02ced9cbb0b8 [39m[32m200[39m [90m282 ms - 14[39m
[35m[HTTP][39m [90m[39m
